<?xml version="1.0" encoding="UTF-8"?>
<testng-results skipped="0" failed="0" total="1" passed="1">
  <reporter-output>
  </reporter-output>
  <suite name="firstTestSuite" duration-ms="33300" started-at="2015-03-04T19:01:39Z" finished-at="2015-03-04T19:02:13Z">
    <groups>
    </groups>
    <test name="SmokeTest" duration-ms="33300" started-at="2015-03-04T19:01:39Z" finished-at="2015-03-04T19:02:13Z">
      <class name="functional.FilteringTest">
        <test-method status="PASS" signature="initEnv()[pri:0, instance:functional.FilteringTest@70fa8cbc]" name="initEnv" is-config="true" duration-ms="1838" started-at="2015-03-04T23:01:38Z" finished-at="2015-03-04T23:01:39Z">
          <reporter-output>
          </reporter-output>
        </test-method> <!-- initEnv -->
        <test-method status="PASS" signature="visualFilterTest()[pri:0, instance:functional.FilteringTest@70fa8cbc]" name="visualFilterTest" duration-ms="33288" started-at="2015-03-04T23:01:39Z" finished-at="2015-03-04T23:02:13Z">
          <reporter-output>
          </reporter-output>
        </test-method> <!-- visualFilterTest -->
        <test-method status="PASS" signature="shutEnv()[pri:0, instance:functional.FilteringTest@70fa8cbc]" name="shutEnv" is-config="true" duration-ms="1394" started-at="2015-03-04T23:02:13Z" finished-at="2015-03-04T23:02:14Z">
          <reporter-output>
          </reporter-output>
        </test-method> <!-- shutEnv -->
      </class> <!-- functional.FilteringTest -->
    </test> <!-- SmokeTest -->
  </suite> <!-- firstTestSuite -->
</testng-results>
